2025-06-13 11:45:36,431 - semgrep.notifications - WARNING - METRICS: Using configs from the Registry (like --config=p/ci) reports pseudonymous rule metrics to semgrep.dev.
To disable Registry rule metrics, use "--metrics=off".
Using configs only from local files (like --config=xyz.yml) does not enable metrics.

More information: https://semgrep.dev/docs/metrics

2025-06-13 11:45:36,433 - semgrep.run_scan - DEBUG - semgrep version 1.4.0
2025-06-13 11:45:36,439 - semgrep.config_resolver - DEBUG - Loading local config from /home/runner/workspace/.config/.semgrep/semgrep_rules.json
2025-06-13 11:45:36,442 - semgrep.config_resolver - DEBUG - Done loading local config from /home/runner/workspace/.config/.semgrep/semgrep_rules.json
2025-06-13 11:45:36,446 - semgrep.config_resolver - DEBUG - Saving rules to /tmp/semgrep-b9kd3en4.rules
2025-06-13 11:45:37,301 - semgrep.rule_lang - DEBUG - semgrep-core validation response: valid=True
2025-06-13 11:45:37,302 - semgrep.rule_lang - DEBUG - semgrep-core validation succeeded
2025-06-13 11:45:37,302 - semgrep.rule_lang - DEBUG - RPC validation succeeded
2025-06-13 11:45:37,302 - semgrep.config_resolver - DEBUG - loaded 1 configs in 0.8629117012023926
2025-06-13 11:45:37,421 - semgrep.run_scan - VERBOSE - running 712 rules from 1 config /home/runner/workspace/.config/.semgrep/semgrep_rules.json_0
2025-06-13 11:45:37,421 - semgrep.run_scan - VERBOSE - No .semgrepignore found. Using default .semgrepignore rules. See the docs for the list of default ignores: https://semgrep.dev/docs/cli-usage/#ignore-files
2025-06-13 11:45:37,423 - semgrep.run_scan - VERBOSE - Rules:
2025-06-13 11:45:37,423 - semgrep.run_scan - VERBOSE - <SKIPPED DATA (too many entries; use --max-log-list-entries)>
2025-06-13 11:45:37,547 - semgrep.core_runner - DEBUG - Passing whole rules directly to semgrep_core
2025-06-13 11:45:37,631 - semgrep.core_runner - DEBUG - Running Semgrep engine with command:
2025-06-13 11:45:37,631 - semgrep.core_runner - DEBUG - /tmp/_MEIJLjIhf/semgrep/bin/opengrep-core -json -rules /tmp/tmpw88phv6h.json -j 8 -targets /tmp/tmpyjsioesj -timeout 5 -timeout_threshold 3 -max_memory 0 -fast
2025-06-13 11:45:39,239 - semgrep.core_runner - DEBUG - --- semgrep-core stderr ---
[00.08][[34mINFO[0m]: Executed as: /tmp/_MEIJLjIhf/semgrep/bin/opengrep-core -json -rules /tmp/tmpw88phv6h.json -j 8 -targets /tmp/tmpyjsioesj -timeout 5 -timeout_threshold 3 -max_memory 0 -fast
[00.08][[34mINFO[0m]: Version: 1.4.0
[00.08][[34mINFO[0m]: Parsing rules in /tmp/tmpw88phv6h.json
[00.77][[34mINFO[0m]: scan: processing 16 files (skipping 0), with 528 rules (skipping 0 )
--- end semgrep-core stderr ---
2025-06-13 11:45:39,248 - semgrep.rule_match - DEBUG - match_key = ('', PosixPath('app.py'), 'config..semgrep.vendored-rules.python.lang.security.deserialization.avoid-pickle') match_id = d33d30463590b3a22ca42dbd440d458c2c04d048f113df8c33bf78d8930c1e6a755555ca31c7f788d17dd6ff52de4f30930a358789cab63291e390569aa1aa8a_0
2025-06-13 11:45:39,249 - semgrep.rule_match - DEBUG - match_key = ('_pickle.load("...") _pickle.load(...) pickle.load(...) pickle.load("...")', PosixPath('app.py'), 'config..semgrep.vendored-rules.python.lang.security.deserialization.avoid-pickle') match_id = 966158da569522a15b801989463bec5768ee8dccecc955369a008f3d931284c5b7d210e8ec4df741529d893e0ec027ce656b5b222ba089b0021b0482789e6a97_0
2025-06-13 11:45:39,249 - semgrep.rule_match - DEBUG - match_key = ('_pickle.load("...") _pickle.load(...) pickle.load(...) pickle.load("...")', PosixPath('app.py'), 'config..semgrep.vendored-rules.python.lang.security.deserialization.avoid-pickle') match_id = 966158da569522a15b801989463bec5768ee8dccecc955369a008f3d931284c5b7d210e8ec4df741529d893e0ec027ce656b5b222ba089b0021b0482789e6a97_0
2025-06-13 11:45:39,250 - semgrep.rule_match - DEBUG - match_key = ('_pickle.load("...") _pickle.load(...) pickle.load(...) pickle.load("...")', PosixPath('app.py'), 'config..semgrep.vendored-rules.python.lang.security.deserialization.avoid-pickle') match_id = 966158da569522a15b801989463bec5768ee8dccecc955369a008f3d931284c5b7d210e8ec4df741529d893e0ec027ce656b5b222ba089b0021b0482789e6a97_0
2025-06-13 11:45:39,250 - semgrep.rule_match - DEBUG - match_key = ('', PosixPath('app.py'), 'config..semgrep.vendored-rules.python.flask.security.injection.nan-injection') match_id = 01705a2b0dd7d5bffad2ed21abf5a84ebe678a2dc57461a79c4893913ab48b2cf9b6951348bf983003b88b0d862770ac6cad2d8c840696a2ca917c892443680b_0
2025-06-13 11:45:39,251 - semgrep.rule_match - DEBUG - match_key = ('$ROUTEVAR @$APP.route(...)\ndef $FUNC(..., $ROUTEVAR, ...):\n  ...\n flask.request.form.get(...) flask.request.form[...] bool(...) complex(...) float(...)', PosixPath('app.py'), 'config..semgrep.vendored-rules.python.flask.security.injection.nan-injection') match_id = 289fe27b60a76df18142985d6ec4e77f6d8c50c0955081c6254f29039aa832c585500d3584b3b504742295ef3e352f61bc62179b8c0165368f07bf326f6426f3_0
2025-06-13 11:45:39,251 - semgrep.rule_match - DEBUG - match_key = ('$ROUTEVAR @$APP.route(...)\ndef $FUNC(..., $ROUTEVAR, ...):\n  ...\n flask.request.form.get(...) flask.request.form[...] bool(...) complex(...) float(...)', PosixPath('app.py'), 'config..semgrep.vendored-rules.python.flask.security.injection.nan-injection') match_id = 289fe27b60a76df18142985d6ec4e77f6d8c50c0955081c6254f29039aa832c585500d3584b3b504742295ef3e352f61bc62179b8c0165368f07bf326f6426f3_0
2025-06-13 11:45:39,251 - semgrep.rule_match - DEBUG - match_key = ('$ROUTEVAR @$APP.route(...)\ndef $FUNC(..., $ROUTEVAR, ...):\n  ...\n flask.request.form.get(...) flask.request.form[...] bool(...) complex(...) float(...)', PosixPath('app.py'), 'config..semgrep.vendored-rules.python.flask.security.injection.nan-injection') match_id = 289fe27b60a76df18142985d6ec4e77f6d8c50c0955081c6254f29039aa832c585500d3584b3b504742295ef3e352f61bc62179b8c0165368f07bf326f6426f3_0
2025-06-13 11:45:39,252 - semgrep.rule_match - DEBUG - match_key = ('', PosixPath('app.py'), 'config..semgrep.vendored-rules.python.flask.security.injection.nan-injection') match_id = 01705a2b0dd7d5bffad2ed21abf5a84ebe678a2dc57461a79c4893913ab48b2cf9b6951348bf983003b88b0d862770ac6cad2d8c840696a2ca917c892443680b_0
2025-06-13 11:45:39,252 - semgrep.rule_match - DEBUG - match_key = ('$ROUTEVAR @$APP.route(...)\ndef $FUNC(..., $ROUTEVAR, ...):\n  ...\n flask.request.form.get(...) flask.request.form[...] bool(...) complex(...) float(...)', PosixPath('app.py'), 'config..semgrep.vendored-rules.python.flask.security.injection.nan-injection') match_id = 289fe27b60a76df18142985d6ec4e77f6d8c50c0955081c6254f29039aa832c585500d3584b3b504742295ef3e352f61bc62179b8c0165368f07bf326f6426f3_0
2025-06-13 11:45:39,252 - semgrep.rule_match - DEBUG - match_key = ('$ROUTEVAR @$APP.route(...)\ndef $FUNC(..., $ROUTEVAR, ...):\n  ...\n flask.request.form.get(...) flask.request.form[...] bool(...) complex(...) float(...)', PosixPath('app.py'), 'config..semgrep.vendored-rules.python.flask.security.injection.nan-injection') match_id = 289fe27b60a76df18142985d6ec4e77f6d8c50c0955081c6254f29039aa832c585500d3584b3b504742295ef3e352f61bc62179b8c0165368f07bf326f6426f3_0
2025-06-13 11:45:39,253 - semgrep.rule_match - DEBUG - match_key = ('$ROUTEVAR @$APP.route(...)\ndef $FUNC(..., $ROUTEVAR, ...):\n  ...\n flask.request.form.get(...) flask.request.form[...] bool(...) complex(...) float(...)', PosixPath('app.py'), 'config..semgrep.vendored-rules.python.flask.security.injection.nan-injection') match_id = 289fe27b60a76df18142985d6ec4e77f6d8c50c0955081c6254f29039aa832c585500d3584b3b504742295ef3e352f61bc62179b8c0165368f07bf326f6426f3_1
2025-06-13 11:45:39,253 - semgrep.rule_match - DEBUG - match_key = ('', PosixPath('app.py'), 'config..semgrep.vendored-rules.python.flask.security.injection.nan-injection') match_id = 01705a2b0dd7d5bffad2ed21abf5a84ebe678a2dc57461a79c4893913ab48b2cf9b6951348bf983003b88b0d862770ac6cad2d8c840696a2ca917c892443680b_0
2025-06-13 11:45:39,254 - semgrep.rule_match - DEBUG - match_key = ('$ROUTEVAR @$APP.route(...)\ndef $FUNC(..., $ROUTEVAR, ...):\n  ...\n flask.request.form.get(...) flask.request.form[...] bool(...) complex(...) float(...)', PosixPath('app.py'), 'config..semgrep.vendored-rules.python.flask.security.injection.nan-injection') match_id = 289fe27b60a76df18142985d6ec4e77f6d8c50c0955081c6254f29039aa832c585500d3584b3b504742295ef3e352f61bc62179b8c0165368f07bf326f6426f3_0
2025-06-13 11:45:39,254 - semgrep.rule_match - DEBUG - match_key = ('$ROUTEVAR @$APP.route(...)\ndef $FUNC(..., $ROUTEVAR, ...):\n  ...\n flask.request.form.get(...) flask.request.form[...] bool(...) complex(...) float(...)', PosixPath('app.py'), 'config..semgrep.vendored-rules.python.flask.security.injection.nan-injection') match_id = 289fe27b60a76df18142985d6ec4e77f6d8c50c0955081c6254f29039aa832c585500d3584b3b504742295ef3e352f61bc62179b8c0165368f07bf326f6426f3_0
2025-06-13 11:45:39,254 - semgrep.rule_match - DEBUG - match_key = ('$ROUTEVAR @$APP.route(...)\ndef $FUNC(..., $ROUTEVAR, ...):\n  ...\n flask.request.form.get(...) flask.request.form[...] bool(...) complex(...) float(...)', PosixPath('app.py'), 'config..semgrep.vendored-rules.python.flask.security.injection.nan-injection') match_id = 289fe27b60a76df18142985d6ec4e77f6d8c50c0955081c6254f29039aa832c585500d3584b3b504742295ef3e352f61bc62179b8c0165368f07bf326f6426f3_2
2025-06-13 11:45:39,255 - semgrep.rule_match - DEBUG - match_key = ('', PosixPath('app.py'), 'config..semgrep.vendored-rules.python.flask.security.injection.nan-injection') match_id = 01705a2b0dd7d5bffad2ed21abf5a84ebe678a2dc57461a79c4893913ab48b2cf9b6951348bf983003b88b0d862770ac6cad2d8c840696a2ca917c892443680b_0
2025-06-13 11:45:39,255 - semgrep.rule_match - DEBUG - match_key = ('$ROUTEVAR @$APP.route(...)\ndef $FUNC(..., $ROUTEVAR, ...):\n  ...\n flask.request.form.get(...) flask.request.form[...] bool(...) complex(...) float(...)', PosixPath('app.py'), 'config..semgrep.vendored-rules.python.flask.security.injection.nan-injection') match_id = 289fe27b60a76df18142985d6ec4e77f6d8c50c0955081c6254f29039aa832c585500d3584b3b504742295ef3e352f61bc62179b8c0165368f07bf326f6426f3_0
2025-06-13 11:45:39,256 - semgrep.rule_match - DEBUG - match_key = ('$ROUTEVAR @$APP.route(...)\ndef $FUNC(..., $ROUTEVAR, ...):\n  ...\n flask.request.form.get(...) flask.request.form[...] bool(...) complex(...) float(...)', PosixPath('app.py'), 'config..semgrep.vendored-rules.python.flask.security.injection.nan-injection') match_id = 289fe27b60a76df18142985d6ec4e77f6d8c50c0955081c6254f29039aa832c585500d3584b3b504742295ef3e352f61bc62179b8c0165368f07bf326f6426f3_0
2025-06-13 11:45:39,257 - semgrep.rule_match - DEBUG - match_key = ('$ROUTEVAR @$APP.route(...)\ndef $FUNC(..., $ROUTEVAR, ...):\n  ...\n flask.request.form.get(...) flask.request.form[...] bool(...) complex(...) float(...)', PosixPath('app.py'), 'config..semgrep.vendored-rules.python.flask.security.injection.nan-injection') match_id = 289fe27b60a76df18142985d6ec4e77f6d8c50c0955081c6254f29039aa832c585500d3584b3b504742295ef3e352f61bc62179b8c0165368f07bf326f6426f3_3
2025-06-13 11:45:39,257 - semgrep.rule_match - DEBUG - match_key = ('', PosixPath('app.py'), 'config..semgrep.vendored-rules.python.flask.security.injection.nan-injection') match_id = 01705a2b0dd7d5bffad2ed21abf5a84ebe678a2dc57461a79c4893913ab48b2cf9b6951348bf983003b88b0d862770ac6cad2d8c840696a2ca917c892443680b_0
2025-06-13 11:45:39,257 - semgrep.rule_match - DEBUG - match_key = ('$ROUTEVAR @$APP.route(...)\ndef $FUNC(..., $ROUTEVAR, ...):\n  ...\n flask.request.form.get(...) flask.request.form[...] bool(...) complex(...) float(...)', PosixPath('app.py'), 'config..semgrep.vendored-rules.python.flask.security.injection.nan-injection') match_id = 289fe27b60a76df18142985d6ec4e77f6d8c50c0955081c6254f29039aa832c585500d3584b3b504742295ef3e352f61bc62179b8c0165368f07bf326f6426f3_0
2025-06-13 11:45:39,258 - semgrep.rule_match - DEBUG - match_key = ('$ROUTEVAR @$APP.route(...)\ndef $FUNC(..., $ROUTEVAR, ...):\n  ...\n flask.request.form.get(...) flask.request.form[...] bool(...) complex(...) float(...)', PosixPath('app.py'), 'config..semgrep.vendored-rules.python.flask.security.injection.nan-injection') match_id = 289fe27b60a76df18142985d6ec4e77f6d8c50c0955081c6254f29039aa832c585500d3584b3b504742295ef3e352f61bc62179b8c0165368f07bf326f6426f3_0
2025-06-13 11:45:39,258 - semgrep.rule_match - DEBUG - match_key = ('$ROUTEVAR @$APP.route(...)\ndef $FUNC(..., $ROUTEVAR, ...):\n  ...\n flask.request.form.get(...) flask.request.form[...] bool(...) complex(...) float(...)', PosixPath('app.py'), 'config..semgrep.vendored-rules.python.flask.security.injection.nan-injection') match_id = 289fe27b60a76df18142985d6ec4e77f6d8c50c0955081c6254f29039aa832c585500d3584b3b504742295ef3e352f61bc62179b8c0165368f07bf326f6426f3_4
2025-06-13 11:45:39,259 - semgrep.rule_match - DEBUG - match_key = ('', PosixPath('app.py'), 'config..semgrep.vendored-rules.python.flask.security.injection.nan-injection') match_id = 01705a2b0dd7d5bffad2ed21abf5a84ebe678a2dc57461a79c4893913ab48b2cf9b6951348bf983003b88b0d862770ac6cad2d8c840696a2ca917c892443680b_0
2025-06-13 11:45:39,259 - semgrep.rule_match - DEBUG - match_key = ('$ROUTEVAR @$APP.route(...)\ndef $FUNC(..., $ROUTEVAR, ...):\n  ...\n flask.request.form.get(...) flask.request.form[...] bool(...) complex(...) float(...)', PosixPath('app.py'), 'config..semgrep.vendored-rules.python.flask.security.injection.nan-injection') match_id = 289fe27b60a76df18142985d6ec4e77f6d8c50c0955081c6254f29039aa832c585500d3584b3b504742295ef3e352f61bc62179b8c0165368f07bf326f6426f3_0
2025-06-13 11:45:39,260 - semgrep.rule_match - DEBUG - match_key = ('$ROUTEVAR @$APP.route(...)\ndef $FUNC(..., $ROUTEVAR, ...):\n  ...\n flask.request.form.get(...) flask.request.form[...] bool(...) complex(...) float(...)', PosixPath('app.py'), 'config..semgrep.vendored-rules.python.flask.security.injection.nan-injection') match_id = 289fe27b60a76df18142985d6ec4e77f6d8c50c0955081c6254f29039aa832c585500d3584b3b504742295ef3e352f61bc62179b8c0165368f07bf326f6426f3_0
2025-06-13 11:45:39,260 - semgrep.rule_match - DEBUG - match_key = ('$ROUTEVAR @$APP.route(...)\ndef $FUNC(..., $ROUTEVAR, ...):\n  ...\n flask.request.form.get(...) flask.request.form[...] bool(...) complex(...) float(...)', PosixPath('app.py'), 'config..semgrep.vendored-rules.python.flask.security.injection.nan-injection') match_id = 289fe27b60a76df18142985d6ec4e77f6d8c50c0955081c6254f29039aa832c585500d3584b3b504742295ef3e352f61bc62179b8c0165368f07bf326f6426f3_5
2025-06-13 11:45:39,261 - semgrep.rule_match - DEBUG - match_key = ('', PosixPath('app.py'), 'config..semgrep.vendored-rules.python.flask.security.injection.nan-injection') match_id = 01705a2b0dd7d5bffad2ed21abf5a84ebe678a2dc57461a79c4893913ab48b2cf9b6951348bf983003b88b0d862770ac6cad2d8c840696a2ca917c892443680b_0
2025-06-13 11:45:39,261 - semgrep.rule_match - DEBUG - match_key = ('$ROUTEVAR @$APP.route(...)\ndef $FUNC(..., $ROUTEVAR, ...):\n  ...\n flask.request.form.get(...) flask.request.form[...] bool(...) complex(...) float(...)', PosixPath('app.py'), 'config..semgrep.vendored-rules.python.flask.security.injection.nan-injection') match_id = 289fe27b60a76df18142985d6ec4e77f6d8c50c0955081c6254f29039aa832c585500d3584b3b504742295ef3e352f61bc62179b8c0165368f07bf326f6426f3_0
2025-06-13 11:45:39,261 - semgrep.rule_match - DEBUG - match_key = ('$ROUTEVAR @$APP.route(...)\ndef $FUNC(..., $ROUTEVAR, ...):\n  ...\n flask.request.form.get(...) flask.request.form[...] bool(...) complex(...) float(...)', PosixPath('app.py'), 'config..semgrep.vendored-rules.python.flask.security.injection.nan-injection') match_id = 289fe27b60a76df18142985d6ec4e77f6d8c50c0955081c6254f29039aa832c585500d3584b3b504742295ef3e352f61bc62179b8c0165368f07bf326f6426f3_0
2025-06-13 11:45:39,262 - semgrep.rule_match - DEBUG - match_key = ('$ROUTEVAR @$APP.route(...)\ndef $FUNC(..., $ROUTEVAR, ...):\n  ...\n flask.request.form.get(...) flask.request.form[...] bool(...) complex(...) float(...)', PosixPath('app.py'), 'config..semgrep.vendored-rules.python.flask.security.injection.nan-injection') match_id = 289fe27b60a76df18142985d6ec4e77f6d8c50c0955081c6254f29039aa832c585500d3584b3b504742295ef3e352f61bc62179b8c0165368f07bf326f6426f3_6
2025-06-13 11:45:39,263 - semgrep.rule_match - DEBUG - match_key = ('', PosixPath('app.py'), 'config..semgrep.vendored-rules.python.flask.security.injection.nan-injection') match_id = 01705a2b0dd7d5bffad2ed21abf5a84ebe678a2dc57461a79c4893913ab48b2cf9b6951348bf983003b88b0d862770ac6cad2d8c840696a2ca917c892443680b_0
2025-06-13 11:45:39,263 - semgrep.rule_match - DEBUG - match_key = ('$ROUTEVAR @$APP.route(...)\ndef $FUNC(..., $ROUTEVAR, ...):\n  ...\n flask.request.form.get(...) flask.request.form[...] bool(...) complex(...) float(...)', PosixPath('app.py'), 'config..semgrep.vendored-rules.python.flask.security.injection.nan-injection') match_id = 289fe27b60a76df18142985d6ec4e77f6d8c50c0955081c6254f29039aa832c585500d3584b3b504742295ef3e352f61bc62179b8c0165368f07bf326f6426f3_0
2025-06-13 11:45:39,264 - semgrep.rule_match - DEBUG - match_key = ('$ROUTEVAR @$APP.route(...)\ndef $FUNC(..., $ROUTEVAR, ...):\n  ...\n flask.request.form.get(...) flask.request.form[...] bool(...) complex(...) float(...)', PosixPath('app.py'), 'config..semgrep.vendored-rules.python.flask.security.injection.nan-injection') match_id = 289fe27b60a76df18142985d6ec4e77f6d8c50c0955081c6254f29039aa832c585500d3584b3b504742295ef3e352f61bc62179b8c0165368f07bf326f6426f3_0
2025-06-13 11:45:39,264 - semgrep.rule_match - DEBUG - match_key = ('$ROUTEVAR @$APP.route(...)\ndef $FUNC(..., $ROUTEVAR, ...):\n  ...\n flask.request.form.get(...) flask.request.form[...] bool(...) complex(...) float(...)', PosixPath('app.py'), 'config..semgrep.vendored-rules.python.flask.security.injection.nan-injection') match_id = 289fe27b60a76df18142985d6ec4e77f6d8c50c0955081c6254f29039aa832c585500d3584b3b504742295ef3e352f61bc62179b8c0165368f07bf326f6426f3_7
2025-06-13 11:45:39,265 - semgrep.rule_match - DEBUG - match_key = ('', PosixPath('app.py'), 'config..semgrep.vendored-rules.python.flask.security.injection.nan-injection') match_id = 01705a2b0dd7d5bffad2ed21abf5a84ebe678a2dc57461a79c4893913ab48b2cf9b6951348bf983003b88b0d862770ac6cad2d8c840696a2ca917c892443680b_0
2025-06-13 11:45:39,265 - semgrep.rule_match - DEBUG - match_key = ('$ROUTEVAR @$APP.route(...)\ndef $FUNC(..., $ROUTEVAR, ...):\n  ...\n flask.request.form.get(...) flask.request.form[...] bool(...) complex(...) float(...)', PosixPath('app.py'), 'config..semgrep.vendored-rules.python.flask.security.injection.nan-injection') match_id = 289fe27b60a76df18142985d6ec4e77f6d8c50c0955081c6254f29039aa832c585500d3584b3b504742295ef3e352f61bc62179b8c0165368f07bf326f6426f3_0
2025-06-13 11:45:39,266 - semgrep.rule_match - DEBUG - match_key = ('$ROUTEVAR @$APP.route(...)\ndef $FUNC(..., $ROUTEVAR, ...):\n  ...\n flask.request.form.get(...) flask.request.form[...] bool(...) complex(...) float(...)', PosixPath('app.py'), 'config..semgrep.vendored-rules.python.flask.security.injection.nan-injection') match_id = 289fe27b60a76df18142985d6ec4e77f6d8c50c0955081c6254f29039aa832c585500d3584b3b504742295ef3e352f61bc62179b8c0165368f07bf326f6426f3_0
2025-06-13 11:45:39,266 - semgrep.rule_match - DEBUG - match_key = ('$ROUTEVAR @$APP.route(...)\ndef $FUNC(..., $ROUTEVAR, ...):\n  ...\n flask.request.form.get(...) flask.request.form[...] bool(...) complex(...) float(...)', PosixPath('app.py'), 'config..semgrep.vendored-rules.python.flask.security.injection.nan-injection') match_id = 289fe27b60a76df18142985d6ec4e77f6d8c50c0955081c6254f29039aa832c585500d3584b3b504742295ef3e352f61bc62179b8c0165368f07bf326f6426f3_8
2025-06-13 11:45:39,267 - semgrep.rule_match - DEBUG - match_key = ('', PosixPath('app.py'), 'config..semgrep.vendored-rules.python.flask.security.injection.nan-injection') match_id = 01705a2b0dd7d5bffad2ed21abf5a84ebe678a2dc57461a79c4893913ab48b2cf9b6951348bf983003b88b0d862770ac6cad2d8c840696a2ca917c892443680b_0
2025-06-13 11:45:39,267 - semgrep.rule_match - DEBUG - match_key = ('$ROUTEVAR @$APP.route(...)\ndef $FUNC(..., $ROUTEVAR, ...):\n  ...\n flask.request.form.get(...) flask.request.form[...] bool(...) complex(...) float(...)', PosixPath('app.py'), 'config..semgrep.vendored-rules.python.flask.security.injection.nan-injection') match_id = 289fe27b60a76df18142985d6ec4e77f6d8c50c0955081c6254f29039aa832c585500d3584b3b504742295ef3e352f61bc62179b8c0165368f07bf326f6426f3_0
2025-06-13 11:45:39,268 - semgrep.rule_match - DEBUG - match_key = ('$ROUTEVAR @$APP.route(...)\ndef $FUNC(..., $ROUTEVAR, ...):\n  ...\n flask.request.form.get(...) flask.request.form[...] bool(...) complex(...) float(...)', PosixPath('app.py'), 'config..semgrep.vendored-rules.python.flask.security.injection.nan-injection') match_id = 289fe27b60a76df18142985d6ec4e77f6d8c50c0955081c6254f29039aa832c585500d3584b3b504742295ef3e352f61bc62179b8c0165368f07bf326f6426f3_0
2025-06-13 11:45:39,268 - semgrep.rule_match - DEBUG - match_key = ('$ROUTEVAR @$APP.route(...)\ndef $FUNC(..., $ROUTEVAR, ...):\n  ...\n flask.request.form.get(...) flask.request.form[...] bool(...) complex(...) float(...)', PosixPath('app.py'), 'config..semgrep.vendored-rules.python.flask.security.injection.nan-injection') match_id = 289fe27b60a76df18142985d6ec4e77f6d8c50c0955081c6254f29039aa832c585500d3584b3b504742295ef3e352f61bc62179b8c0165368f07bf326f6426f3_9
2025-06-13 11:45:39,269 - semgrep.rule_match - DEBUG - match_key = ('', PosixPath('app.py'), 'config..semgrep.vendored-rules.python.flask.security.injection.nan-injection') match_id = 01705a2b0dd7d5bffad2ed21abf5a84ebe678a2dc57461a79c4893913ab48b2cf9b6951348bf983003b88b0d862770ac6cad2d8c840696a2ca917c892443680b_0
2025-06-13 11:45:39,269 - semgrep.rule_match - DEBUG - match_key = ('$ROUTEVAR @$APP.route(...)\ndef $FUNC(..., $ROUTEVAR, ...):\n  ...\n flask.request.form.get(...) flask.request.form[...] bool(...) complex(...) float(...)', PosixPath('app.py'), 'config..semgrep.vendored-rules.python.flask.security.injection.nan-injection') match_id = 289fe27b60a76df18142985d6ec4e77f6d8c50c0955081c6254f29039aa832c585500d3584b3b504742295ef3e352f61bc62179b8c0165368f07bf326f6426f3_0
2025-06-13 11:45:39,270 - semgrep.rule_match - DEBUG - match_key = ('$ROUTEVAR @$APP.route(...)\ndef $FUNC(..., $ROUTEVAR, ...):\n  ...\n flask.request.form.get(...) flask.request.form[...] bool(...) complex(...) float(...)', PosixPath('app.py'), 'config..semgrep.vendored-rules.python.flask.security.injection.nan-injection') match_id = 289fe27b60a76df18142985d6ec4e77f6d8c50c0955081c6254f29039aa832c585500d3584b3b504742295ef3e352f61bc62179b8c0165368f07bf326f6426f3_0
2025-06-13 11:45:39,270 - semgrep.rule_match - DEBUG - match_key = ('$ROUTEVAR @$APP.route(...)\ndef $FUNC(..., $ROUTEVAR, ...):\n  ...\n flask.request.form.get(...) flask.request.form[...] bool(...) complex(...) float(...)', PosixPath('app.py'), 'config..semgrep.vendored-rules.python.flask.security.injection.nan-injection') match_id = 289fe27b60a76df18142985d6ec4e77f6d8c50c0955081c6254f29039aa832c585500d3584b3b504742295ef3e352f61bc62179b8c0165368f07bf326f6426f3_10
2025-06-13 11:45:39,271 - semgrep.rule_match - DEBUG - match_key = ('', PosixPath('app.py'), 'config..semgrep.vendored-rules.python.flask.security.injection.nan-injection') match_id = 01705a2b0dd7d5bffad2ed21abf5a84ebe678a2dc57461a79c4893913ab48b2cf9b6951348bf983003b88b0d862770ac6cad2d8c840696a2ca917c892443680b_0
2025-06-13 11:45:39,271 - semgrep.rule_match - DEBUG - match_key = ('$ROUTEVAR @$APP.route(...)\ndef $FUNC(..., $ROUTEVAR, ...):\n  ...\n flask.request.form.get(...) flask.request.form[...] bool(...) complex(...) float(...)', PosixPath('app.py'), 'config..semgrep.vendored-rules.python.flask.security.injection.nan-injection') match_id = 289fe27b60a76df18142985d6ec4e77f6d8c50c0955081c6254f29039aa832c585500d3584b3b504742295ef3e352f61bc62179b8c0165368f07bf326f6426f3_0
2025-06-13 11:45:39,272 - semgrep.rule_match - DEBUG - match_key = ('$ROUTEVAR @$APP.route(...)\ndef $FUNC(..., $ROUTEVAR, ...):\n  ...\n flask.request.form.get(...) flask.request.form[...] bool(...) complex(...) float(...)', PosixPath('app.py'), 'config..semgrep.vendored-rules.python.flask.security.injection.nan-injection') match_id = 289fe27b60a76df18142985d6ec4e77f6d8c50c0955081c6254f29039aa832c585500d3584b3b504742295ef3e352f61bc62179b8c0165368f07bf326f6426f3_0
2025-06-13 11:45:39,272 - semgrep.rule_match - DEBUG - match_key = ('$ROUTEVAR @$APP.route(...)\ndef $FUNC(..., $ROUTEVAR, ...):\n  ...\n flask.request.form.get(...) flask.request.form[...] bool(...) complex(...) float(...)', PosixPath('app.py'), 'config..semgrep.vendored-rules.python.flask.security.injection.nan-injection') match_id = 289fe27b60a76df18142985d6ec4e77f6d8c50c0955081c6254f29039aa832c585500d3584b3b504742295ef3e352f61bc62179b8c0165368f07bf326f6426f3_11
2025-06-13 11:45:39,273 - semgrep.rule_match - DEBUG - match_key = ('', PosixPath('app.py'), 'config..semgrep.vendored-rules.python.flask.security.injection.nan-injection') match_id = 01705a2b0dd7d5bffad2ed21abf5a84ebe678a2dc57461a79c4893913ab48b2cf9b6951348bf983003b88b0d862770ac6cad2d8c840696a2ca917c892443680b_0
2025-06-13 11:45:39,273 - semgrep.rule_match - DEBUG - match_key = ('$ROUTEVAR @$APP.route(...)\ndef $FUNC(..., $ROUTEVAR, ...):\n  ...\n flask.request.form.get(...) flask.request.form[...] bool(...) complex(...) float(...)', PosixPath('app.py'), 'config..semgrep.vendored-rules.python.flask.security.injection.nan-injection') match_id = 289fe27b60a76df18142985d6ec4e77f6d8c50c0955081c6254f29039aa832c585500d3584b3b504742295ef3e352f61bc62179b8c0165368f07bf326f6426f3_0
2025-06-13 11:45:39,274 - semgrep.rule_match - DEBUG - match_key = ('$ROUTEVAR @$APP.route(...)\ndef $FUNC(..., $ROUTEVAR, ...):\n  ...\n flask.request.form.get(...) flask.request.form[...] bool(...) complex(...) float(...)', PosixPath('app.py'), 'config..semgrep.vendored-rules.python.flask.security.injection.nan-injection') match_id = 289fe27b60a76df18142985d6ec4e77f6d8c50c0955081c6254f29039aa832c585500d3584b3b504742295ef3e352f61bc62179b8c0165368f07bf326f6426f3_0
2025-06-13 11:45:39,275 - semgrep.rule_match - DEBUG - match_key = ('$ROUTEVAR @$APP.route(...)\ndef $FUNC(..., $ROUTEVAR, ...):\n  ...\n flask.request.form.get(...) flask.request.form[...] bool(...) complex(...) float(...)', PosixPath('app.py'), 'config..semgrep.vendored-rules.python.flask.security.injection.nan-injection') match_id = 289fe27b60a76df18142985d6ec4e77f6d8c50c0955081c6254f29039aa832c585500d3584b3b504742295ef3e352f61bc62179b8c0165368f07bf326f6426f3_12
2025-06-13 11:45:39,275 - semgrep.rule_match - DEBUG - match_key = ('', PosixPath('app.py'), 'config..semgrep.vendored-rules.python.flask.security.audit.debug-enabled') match_id = b80416feb6b0c2c94812093632c35fe54d10ea2069f4547cf64c1d6c380704fe3dadae707ed562bdebf2cb39a9b4484dd15601f4a32db83c1e40ba04ae7d0175_0
2025-06-13 11:45:39,276 - semgrep.rule_match - DEBUG - match_key = ('app.run(..., debug=True, ...) import flask\n...\n', PosixPath('app.py'), 'config..semgrep.vendored-rules.python.flask.security.audit.debug-enabled') match_id = 02d3345a06f51164a46344efbf76b42a6a99d28277a21abfc9472d3e328408b28b239c943ddaed3fe92d9aa04f195fa8262f23114a0123f063dfd6f87a459e6b_0
2025-06-13 11:45:39,276 - semgrep.rule_match - DEBUG - match_key = ('app.run(..., debug=True, ...) import flask\n...\n', PosixPath('app.py'), 'config..semgrep.vendored-rules.python.flask.security.audit.debug-enabled') match_id = 02d3345a06f51164a46344efbf76b42a6a99d28277a21abfc9472d3e328408b28b239c943ddaed3fe92d9aa04f195fa8262f23114a0123f063dfd6f87a459e6b_0
2025-06-13 11:45:39,277 - semgrep.rule_match - DEBUG - match_key = ('app.run(..., debug=True, ...) import flask\n...\n', PosixPath('app.py'), 'config..semgrep.vendored-rules.python.flask.security.audit.debug-enabled') match_id = 02d3345a06f51164a46344efbf76b42a6a99d28277a21abfc9472d3e328408b28b239c943ddaed3fe92d9aa04f195fa8262f23114a0123f063dfd6f87a459e6b_0
2025-06-13 11:45:39,279 - semgrep.core_runner - DEBUG - semgrep ran in 0:00:01.731970 on 7 files
2025-06-13 11:45:39,281 - semgrep.core_runner - DEBUG - findings summary: 2 warning, 13 error, 0 info
2025-06-13 11:45:39,284 - semgrep.app.auth - DEBUG - Getting API token from settings file
2025-06-13 11:45:39,284 - semgrep.app.auth - DEBUG - No API token found in settings file
2025-06-13 11:45:39,400 - semgrep.output - VERBOSE - 
========================================
Files skipped:
========================================

  Always skipped by Opengrep:

   • <none>

  Skipped by .gitignore:
  (Disable by passing --no-git-ignore)

   • <all files not listed by `git ls-files` were skipped>

  Skipped by .semgrepignore:
  - https://semgrep.dev/docs/ignoring-files-folders-code/#understand-semgrep-defaults

   • <none>

  Skipped by --include patterns:

   • <none>

  Skipped by --exclude patterns:

   • <none>

  Files skipped due to insufficient read permissions:

   • <none>

  Skipped by limiting to files smaller than 1000000 bytes:
  (Adjust with the --max-target-bytes flag)

   • <none>

  Partially analyzed due to parsing or internal Opengrep errors

   • <none>

2025-06-13 11:45:39,401 - semgrep.output - INFO - Some files were skipped or only partially analyzed.
  Scan was limited to files tracked by git.

Ran 507 rules on 7 files: 15 findings.
2025-06-13 11:45:39,401 - semgrep.app.version - DEBUG - Version cache does not exist
2025-06-13 11:45:39,415 - semgrep.metrics - VERBOSE - Not sending pseudonymous metrics since metrics are configured to OFF and registry usage is False
